07.02.2024 17:13:11.558 [main] INFO   AppProcess - Формирование главного меню
07.02.2024 17:13:11.559 [main] INFO   AppProcess - Формирование меню комнат
07.02.2024 17:13:11.562 [main] INFO   AppProcess - Меню комнат сформировано
07.02.2024 17:13:11.562 [main] INFO   AppProcess - Формирование меню услуг
07.02.2024 17:13:11.564 [main] INFO   AppProcess - Меню услуг сформировано
07.02.2024 17:13:11.564 [main] INFO   AppProcess - Формирование меню клиентов
07.02.2024 17:13:11.564 [main] INFO   AppProcess - Меню клиентов сформировано
07.02.2024 17:13:11.565 [main] INFO   AppProcess - Запуск приложения
07.02.2024 17:13:11.565 [main] INFO   AppProcess - Вызов метода печати меню "Главное меню"
07.02.2024 17:13:13.244 [main] INFO   AppProcess - Пользователь ввёл число 1
07.02.2024 17:13:13.245 [main] INFO   AppProcess - Вызов метода навигации по меню
07.02.2024 17:13:13.245 [main] WARN   AppProcess - Пользователь корректно выбрал пункт меню. Выполнение действия "Управление комнатами" и переход на следующее меню "Управление комнатами"
07.02.2024 17:13:13.245 [main] INFO   AppProcess - Вызов метода печати меню "Управление комнатами"
07.02.2024 17:13:15.255 [main] INFO   AppProcess - Пользователь ввёл число 99
07.02.2024 17:13:15.255 [main] INFO   AppProcess - Вызов метода навигации по меню
07.02.2024 17:13:15.255 [main] WARN   AppProcess - Пользователь выбрал несуществующий пункт меню
07.02.2024 17:13:15.257 [main] INFO   AppProcess - Вызов метода печати меню "Управление комнатами"
07.02.2024 17:13:17.368 [main] INFO   AppProcess - Пользователь ввёл число 9
07.02.2024 17:13:17.368 [main] INFO   AppProcess - Вызов метода навигации по меню
07.02.2024 17:13:17.368 [main] WARN   AppProcess - Пользователь корректно выбрал пункт меню. Выполнение действия "Выселить клиентов из комнаты" и переход на следующее меню "Главное меню"
07.02.2024 17:13:17.372 [main] INFO   AppProcess - Вызов метода печати меню "Главное меню"
07.02.2024 17:13:19.615 [main] INFO   AppProcess - Пользователь ввёл число 3
07.02.2024 17:13:19.615 [main] INFO   AppProcess - Вызов метода навигации по меню
07.02.2024 17:13:19.616 [main] WARN   AppProcess - Пользователь корректно выбрал пункт меню. Выполнение действия "Управление клиентами" и переход на следующее меню "Управление клиентами"
07.02.2024 17:13:19.616 [main] INFO   AppProcess - Вызов метода печати меню "Управление клиентами"
07.02.2024 17:13:21.163 [main] INFO   AppProcess - Пользователь ввёл число 5
07.02.2024 17:13:21.165 [main] INFO   AppProcess - Вызов метода навигации по меню
07.02.2024 17:13:21.165 [main] WARN   AppProcess - Пользователь корректно выбрал пункт меню. Выполнение действия "Вывести количество клиентов" и переход на следующее меню "Главное меню"
07.02.2024 17:13:21.166 [main] INFO   AppProcess - Вызов метода печати меню "Главное меню"
07.02.2024 17:13:22.360 [main] INFO   AppProcess - Пользователь ввёл число -1
07.02.2024 17:13:22.361 [main] INFO   AppProcess - Выход из приложения
