11.02.2024 11:53:55.446 [main] INFO   AppProcess - Формирование главного меню
11.02.2024 11:53:55.456 [main] INFO   AppProcess - Формирование меню комнат
11.02.2024 11:53:55.465 [main] INFO   AppProcess - Меню комнат сформировано
11.02.2024 11:53:55.465 [main] INFO   AppProcess - Формирование меню услуг
11.02.2024 11:53:55.468 [main] INFO   AppProcess - Меню услуг сформировано
11.02.2024 11:53:55.468 [main] INFO   AppProcess - Формирование меню клиентов
11.02.2024 11:53:55.470 [main] INFO   AppProcess - Меню клиентов сформировано
11.02.2024 11:53:55.470 [main] INFO   AppProcess - Запуск приложения
11.02.2024 11:53:55.470 [main] INFO   AppProcess - Вызов метода печати меню "Главное меню"
11.02.2024 11:53:59.035 [main] INFO   AppProcess - Пользователь ввёл число -1
11.02.2024 11:53:59.035 [main] INFO   AppProcess - Выход из приложения
11.02.2024 12:43:36.487 [main] INFO   AppProcess - Формирование главного меню
11.02.2024 12:43:36.488 [main] INFO   AppProcess - Формирование меню комнат
11.02.2024 12:43:36.492 [main] INFO   AppProcess - Меню комнат сформировано
11.02.2024 12:43:36.492 [main] INFO   AppProcess - Формирование меню услуг
11.02.2024 12:43:36.494 [main] INFO   AppProcess - Меню услуг сформировано
11.02.2024 12:43:36.494 [main] INFO   AppProcess - Формирование меню клиентов
11.02.2024 12:43:36.495 [main] INFO   AppProcess - Меню клиентов сформировано
11.02.2024 12:43:36.495 [main] INFO   AppProcess - Запуск приложения
11.02.2024 12:43:36.495 [main] INFO   AppProcess - Вызов метода печати меню "Главное меню"
11.02.2024 12:43:38.243 [main] INFO   AppProcess - Пользователь ввёл число -1
11.02.2024 12:43:38.244 [main] INFO   AppProcess - Выход из приложения
11.02.2024 12:45:43.078 [main] INFO   AppProcess - Формирование главного меню
11.02.2024 12:45:43.079 [main] INFO   AppProcess - Формирование меню комнат
11.02.2024 12:45:43.082 [main] INFO   AppProcess - Меню комнат сформировано
11.02.2024 12:45:43.082 [main] INFO   AppProcess - Формирование меню услуг
11.02.2024 12:45:43.084 [main] INFO   AppProcess - Меню услуг сформировано
11.02.2024 12:45:43.084 [main] INFO   AppProcess - Формирование меню клиентов
11.02.2024 12:45:43.085 [main] INFO   AppProcess - Меню клиентов сформировано
11.02.2024 12:45:43.085 [main] INFO   AppProcess - Запуск приложения
11.02.2024 12:45:43.085 [main] INFO   AppProcess - Вызов метода печати меню "Главное меню"
11.02.2024 12:45:45.242 [main] INFO   AppProcess - Пользователь ввёл число -1
11.02.2024 12:45:45.242 [main] INFO   AppProcess - Выход из приложения
11.02.2024 13:00:28.086 [main] INFO   AppProcess - Формирование главного меню
11.02.2024 13:00:28.087 [main] INFO   AppProcess - Формирование меню комнат
11.02.2024 13:00:28.091 [main] INFO   AppProcess - Меню комнат сформировано
11.02.2024 13:00:28.091 [main] INFO   AppProcess - Формирование меню услуг
11.02.2024 13:00:28.092 [main] INFO   AppProcess - Меню услуг сформировано
11.02.2024 13:00:28.092 [main] INFO   AppProcess - Формирование меню клиентов
11.02.2024 13:00:28.093 [main] INFO   AppProcess - Меню клиентов сформировано
11.02.2024 13:00:28.094 [main] INFO   AppProcess - Запуск приложения
11.02.2024 13:00:28.095 [main] INFO   AppProcess - Вызов метода печати меню "Главное меню"
11.02.2024 13:00:29.215 [main] INFO   AppProcess - Пользователь ввёл число 1
11.02.2024 13:00:29.215 [main] INFO   AppProcess - Вызов метода навигации по меню
11.02.2024 13:00:29.216 [main] WARN   AppProcess - Пользователь корректно выбрал пункт меню. Выполнение действия "Управление комнатами" и переход на следующее меню "Управление комнатами"
11.02.2024 13:00:29.216 [main] INFO   AppProcess - Вызов метода печати меню "Управление комнатами"
11.02.2024 13:00:30.500 [main] INFO   AppProcess - Пользователь ввёл число -1
11.02.2024 13:00:30.500 [main] INFO   AppProcess - Выход из приложения
11.02.2024 14:35:50.683 [main] INFO   AppProcess - Формирование главного меню
11.02.2024 14:35:50.684 [main] INFO   AppProcess - Формирование меню комнат
11.02.2024 14:35:50.688 [main] INFO   AppProcess - Меню комнат сформировано
11.02.2024 14:35:50.689 [main] INFO   AppProcess - Формирование меню услуг
11.02.2024 14:35:50.690 [main] INFO   AppProcess - Меню услуг сформировано
11.02.2024 14:35:50.690 [main] INFO   AppProcess - Формирование меню клиентов
11.02.2024 14:35:50.691 [main] INFO   AppProcess - Меню клиентов сформировано
11.02.2024 14:35:50.692 [main] INFO   AppProcess - Запуск приложения
11.02.2024 14:35:50.692 [main] INFO   AppProcess - Вызов метода печати меню "Главное меню"
11.02.2024 14:35:52.231 [main] INFO   AppProcess - Пользователь ввёл число -1
11.02.2024 14:35:52.231 [main] INFO   AppProcess - Выход из приложения
11.02.2024 18:11:13.638 [main] INFO   AppProcess - Формирование главного меню
11.02.2024 18:11:13.639 [main] INFO   AppProcess - Формирование меню комнат
11.02.2024 18:11:13.642 [main] INFO   AppProcess - Меню комнат сформировано
11.02.2024 18:11:13.642 [main] INFO   AppProcess - Формирование меню услуг
11.02.2024 18:11:13.643 [main] INFO   AppProcess - Меню услуг сформировано
11.02.2024 18:11:13.643 [main] INFO   AppProcess - Формирование меню клиентов
11.02.2024 18:11:13.644 [main] INFO   AppProcess - Меню клиентов сформировано
11.02.2024 18:11:13.644 [main] INFO   AppProcess - Запуск приложения
11.02.2024 18:11:13.644 [main] INFO   AppProcess - Вызов метода печати меню "Главное меню"
11.02.2024 18:11:14.886 [main] INFO   AppProcess - Пользователь ввёл число 1
11.02.2024 18:11:14.886 [main] INFO   AppProcess - Вызов метода навигации по меню
11.02.2024 18:11:14.886 [main] WARN   AppProcess - Пользователь корректно выбрал пункт меню. Выполнение действия "Управление комнатами" и переход на следующее меню "Управление комнатами"
11.02.2024 18:11:14.886 [main] INFO   AppProcess - Вызов метода печати меню "Управление комнатами"
11.02.2024 18:11:15.641 [main] INFO   AppProcess - Пользователь ввёл число 1
11.02.2024 18:11:15.641 [main] INFO   AppProcess - Вызов метода навигации по меню
11.02.2024 18:11:15.641 [main] WARN   AppProcess - Пользователь корректно выбрал пункт меню. Выполнение действия "Добавить комнату" и переход на следующее меню "Главное меню"
11.02.2024 18:11:18.080 [main] INFO   AppProcess - Вызов метода печати меню "Главное меню"
11.02.2024 18:11:19.155 [main] INFO   AppProcess - Пользователь ввёл число -1
11.02.2024 18:11:19.156 [main] INFO   AppProcess - Выход из приложения
11.02.2024 19:40:27.892 [main] INFO   AppProcess - Формирование главного меню
11.02.2024 19:40:27.893 [main] INFO   AppProcess - Формирование меню комнат
11.02.2024 19:40:27.898 [main] INFO   AppProcess - Меню комнат сформировано
11.02.2024 19:40:27.898 [main] INFO   AppProcess - Формирование меню услуг
11.02.2024 19:40:27.899 [main] INFO   AppProcess - Меню услуг сформировано
11.02.2024 19:40:27.899 [main] INFO   AppProcess - Формирование меню клиентов
11.02.2024 19:40:27.900 [main] INFO   AppProcess - Меню клиентов сформировано
11.02.2024 19:40:27.900 [main] INFO   AppProcess - Запуск приложения
11.02.2024 19:40:27.901 [main] INFO   AppProcess - Вызов метода печати меню "Главное меню"
11.02.2024 19:40:32.785 [main] INFO   AppProcess - Пользователь ввёл число 3
11.02.2024 19:40:32.786 [main] INFO   AppProcess - Вызов метода навигации по меню
11.02.2024 19:40:32.786 [main] INFO   AppProcess - Пользователь корректно выбрал пункт меню. Выполнение действия "Управление клиентами" и переход на следующее меню "Управление клиентами"
11.02.2024 19:40:32.786 [main] INFO   AppProcess - Вызов метода печати меню "Управление клиентами"
11.02.2024 19:40:34.363 [main] INFO   AppProcess - Пользователь ввёл число 2
11.02.2024 19:40:34.364 [main] INFO   AppProcess - Вызов метода навигации по меню
11.02.2024 19:40:34.364 [main] INFO   AppProcess - Пользователь корректно выбрал пункт меню. Выполнение действия "Импортировать данные по клиентам из CSV" и переход на следующее меню "Главное меню"
11.02.2024 19:40:38.922 [main] INFO   AppProcess - Вызов метода печати меню "Главное меню"
11.02.2024 19:40:43.784 [main] INFO   AppProcess - Пользователь ввёл число 3
11.02.2024 19:40:43.784 [main] INFO   AppProcess - Вызов метода навигации по меню
11.02.2024 19:40:43.784 [main] INFO   AppProcess - Пользователь корректно выбрал пункт меню. Выполнение действия "Управление клиентами" и переход на следующее меню "Управление клиентами"
11.02.2024 19:40:43.784 [main] INFO   AppProcess - Вызов метода печати меню "Управление клиентами"
11.02.2024 19:40:44.284 [main] INFO   AppProcess - Пользователь ввёл число 2
11.02.2024 19:40:44.285 [main] INFO   AppProcess - Вызов метода навигации по меню
11.02.2024 19:40:44.285 [main] INFO   AppProcess - Пользователь корректно выбрал пункт меню. Выполнение действия "Импортировать данные по клиентам из CSV" и переход на следующее меню "Главное меню"
11.02.2024 19:40:47.086 [main] INFO   AppProcess - Вызов метода печати меню "Главное меню"
11.02.2024 19:40:50.918 [main] INFO   AppProcess - Пользователь ввёл число -1
11.02.2024 19:40:50.918 [main] INFO   AppProcess - Выход из приложения
11.02.2024 20:30:20.816 [main] INFO   AppProcess - Формирование главного меню
11.02.2024 20:30:20.817 [main] INFO   AppProcess - Формирование меню комнат
11.02.2024 20:30:20.821 [main] INFO   AppProcess - Меню комнат сформировано
11.02.2024 20:30:20.822 [main] INFO   AppProcess - Формирование меню услуг
11.02.2024 20:30:20.823 [main] INFO   AppProcess - Меню услуг сформировано
11.02.2024 20:30:20.823 [main] INFO   AppProcess - Формирование меню клиентов
11.02.2024 20:30:20.824 [main] INFO   AppProcess - Меню клиентов сформировано
11.02.2024 20:30:20.825 [main] INFO   AppProcess - Запуск приложения
11.02.2024 20:30:20.825 [main] INFO   AppProcess - Вызов метода печати меню "Главное меню"
11.02.2024 20:30:22.379 [main] INFO   AppProcess - Пользователь ввёл число 1
11.02.2024 20:30:22.379 [main] INFO   AppProcess - Вызов метода навигации по меню
11.02.2024 20:30:22.379 [main] INFO   AppProcess - Пользователь корректно выбрал пункт меню. Выполнение действия "Управление комнатами" и переход на следующее меню "Управление комнатами"
11.02.2024 20:30:22.379 [main] INFO   AppProcess - Вызов метода печати меню "Управление комнатами"
11.02.2024 20:30:23.713 [main] INFO   AppProcess - Пользователь ввёл число 2
11.02.2024 20:30:23.713 [main] INFO   AppProcess - Вызов метода навигации по меню
11.02.2024 20:30:23.713 [main] INFO   AppProcess - Пользователь корректно выбрал пункт меню. Выполнение действия "Импортировать данные по комнатам из CSV" и переход на следующее меню "Главное меню"
11.02.2024 20:30:26.284 [main] INFO   AppProcess - Вызов метода печати меню "Главное меню"
11.02.2024 20:30:29.549 [main] INFO   AppProcess - Пользователь ввёл число 2
11.02.2024 20:30:29.549 [main] INFO   AppProcess - Вызов метода навигации по меню
11.02.2024 20:30:29.549 [main] INFO   AppProcess - Пользователь корректно выбрал пункт меню. Выполнение действия "Управление услугами" и переход на следующее меню "Управление услугами"
11.02.2024 20:30:29.549 [main] INFO   AppProcess - Вызов метода печати меню "Управление услугами"
11.02.2024 20:30:30.150 [main] INFO   AppProcess - Пользователь ввёл число 2
11.02.2024 20:30:30.151 [main] INFO   AppProcess - Вызов метода навигации по меню
11.02.2024 20:30:30.151 [main] INFO   AppProcess - Пользователь корректно выбрал пункт меню. Выполнение действия "Импортировать данные по услугам из CSV" и переход на следующее меню "Главное меню"
11.02.2024 20:30:33.107 [main] INFO   AppProcess - Вызов метода печати меню "Главное меню"
11.02.2024 20:30:34.711 [main] INFO   AppProcess - Пользователь ввёл число 3
11.02.2024 20:30:34.711 [main] INFO   AppProcess - Вызов метода навигации по меню
11.02.2024 20:30:34.712 [main] INFO   AppProcess - Пользователь корректно выбрал пункт меню. Выполнение действия "Управление клиентами" и переход на следующее меню "Управление клиентами"
11.02.2024 20:30:34.712 [main] INFO   AppProcess - Вызов метода печати меню "Управление клиентами"
11.02.2024 20:30:36.063 [main] INFO   AppProcess - Пользователь ввёл число 2
11.02.2024 20:30:36.063 [main] INFO   AppProcess - Вызов метода навигации по меню
11.02.2024 20:30:36.064 [main] INFO   AppProcess - Пользователь корректно выбрал пункт меню. Выполнение действия "Импортировать данные по клиентам из CSV" и переход на следующее меню "Главное меню"
11.02.2024 20:30:41.881 [main] INFO   AppProcess - Вызов метода печати меню "Главное меню"
11.02.2024 20:30:44.300 [main] INFO   AppProcess - Пользователь ввёл число 1
11.02.2024 20:30:44.300 [main] INFO   AppProcess - Вызов метода навигации по меню
11.02.2024 20:30:44.300 [main] INFO   AppProcess - Пользователь корректно выбрал пункт меню. Выполнение действия "Управление комнатами" и переход на следующее меню "Управление комнатами"
11.02.2024 20:30:44.301 [main] INFO   AppProcess - Вызов метода печати меню "Управление комнатами"
11.02.2024 20:30:45.800 [main] INFO   AppProcess - Пользователь ввёл число 3
11.02.2024 20:30:45.800 [main] INFO   AppProcess - Вызов метода навигации по меню
11.02.2024 20:30:45.800 [main] INFO   AppProcess - Пользователь корректно выбрал пункт меню. Выполнение действия "Импортировать данные по резервациям из CSV" и переход на следующее меню "Главное меню"
11.02.2024 20:30:50.757 [main] INFO   AppProcess - Вызов метода печати меню "Главное меню"
11.02.2024 20:30:52.791 [main] INFO   AppProcess - Пользователь ввёл число 3
11.02.2024 20:30:52.791 [main] INFO   AppProcess - Вызов метода навигации по меню
11.02.2024 20:30:52.791 [main] INFO   AppProcess - Пользователь корректно выбрал пункт меню. Выполнение действия "Управление клиентами" и переход на следующее меню "Управление клиентами"
11.02.2024 20:30:52.792 [main] INFO   AppProcess - Вызов метода печати меню "Управление клиентами"
11.02.2024 20:30:58.340 [main] INFO   AppProcess - Пользователь ввёл число 5
11.02.2024 20:30:58.340 [main] INFO   AppProcess - Вызов метода навигации по меню
11.02.2024 20:30:58.340 [main] INFO   AppProcess - Пользователь корректно выбрал пункт меню. Выполнение действия "Вывести количество клиентов" и переход на следующее меню "Главное меню"
11.02.2024 20:30:58.341 [main] INFO   AppProcess - Вызов метода печати меню "Главное меню"
11.02.2024 20:31:01.002 [main] INFO   AppProcess - Пользователь ввёл число 2
11.02.2024 20:31:01.003 [main] INFO   AppProcess - Вызов метода навигации по меню
11.02.2024 20:31:01.003 [main] INFO   AppProcess - Пользователь корректно выбрал пункт меню. Выполнение действия "Управление услугами" и переход на следующее меню "Управление услугами"
11.02.2024 20:31:01.003 [main] INFO   AppProcess - Вызов метода печати меню "Управление услугами"
11.02.2024 20:31:03.543 [main] INFO   AppProcess - Пользователь ввёл число 3
11.02.2024 20:31:03.544 [main] INFO   AppProcess - Вызов метода навигации по меню
11.02.2024 20:31:03.544 [main] INFO   AppProcess - Пользователь корректно выбрал пункт меню. Выполнение действия "Импортировать данные по проведённым услугам из CSV" и переход на следующее меню "Главное меню"
11.02.2024 20:31:09.075 [main] INFO   AppProcess - Вызов метода печати меню "Главное меню"
11.02.2024 20:31:14.548 [main] INFO   AppProcess - Пользователь ввёл число 1
11.02.2024 20:31:14.548 [main] INFO   AppProcess - Вызов метода навигации по меню
11.02.2024 20:31:14.548 [main] INFO   AppProcess - Пользователь корректно выбрал пункт меню. Выполнение действия "Управление комнатами" и переход на следующее меню "Управление комнатами"
11.02.2024 20:31:14.548 [main] INFO   AppProcess - Вызов метода печати меню "Управление комнатами"
11.02.2024 20:31:15.527 [main] INFO   AppProcess - Пользователь ввёл число 2
11.02.2024 20:31:15.527 [main] INFO   AppProcess - Вызов метода навигации по меню
11.02.2024 20:31:15.528 [main] INFO   AppProcess - Пользователь корректно выбрал пункт меню. Выполнение действия "Импортировать данные по комнатам из CSV" и переход на следующее меню "Главное меню"
11.02.2024 20:31:18.193 [main] INFO   AppProcess - Вызов метода печати меню "Главное меню"
11.02.2024 20:31:20.979 [main] INFO   AppProcess - Пользователь ввёл число 1
11.02.2024 20:31:20.979 [main] INFO   AppProcess - Вызов метода навигации по меню
11.02.2024 20:31:20.979 [main] INFO   AppProcess - Пользователь корректно выбрал пункт меню. Выполнение действия "Управление комнатами" и переход на следующее меню "Управление комнатами"
11.02.2024 20:31:20.979 [main] INFO   AppProcess - Вызов метода печати меню "Управление комнатами"
11.02.2024 20:31:22.625 [main] INFO   AppProcess - Пользователь ввёл число 3
11.02.2024 20:31:22.625 [main] INFO   AppProcess - Вызов метода навигации по меню
11.02.2024 20:31:22.625 [main] INFO   AppProcess - Пользователь корректно выбрал пункт меню. Выполнение действия "Импортировать данные по резервациям из CSV" и переход на следующее меню "Главное меню"
11.02.2024 20:31:29.354 [main] INFO   AppProcess - Вызов метода печати меню "Главное меню"
11.02.2024 20:31:31.693 [main] INFO   AppProcess - Пользователь ввёл число 2
11.02.2024 20:31:31.693 [main] INFO   AppProcess - Вызов метода навигации по меню
11.02.2024 20:31:31.693 [main] INFO   AppProcess - Пользователь корректно выбрал пункт меню. Выполнение действия "Управление услугами" и переход на следующее меню "Управление услугами"
11.02.2024 20:31:31.693 [main] INFO   AppProcess - Вызов метода печати меню "Управление услугами"
11.02.2024 20:31:32.536 [main] INFO   AppProcess - Пользователь ввёл число 2
11.02.2024 20:31:32.536 [main] INFO   AppProcess - Вызов метода навигации по меню
11.02.2024 20:31:32.536 [main] INFO   AppProcess - Пользователь корректно выбрал пункт меню. Выполнение действия "Импортировать данные по услугам из CSV" и переход на следующее меню "Главное меню"
11.02.2024 20:31:35.431 [main] INFO   AppProcess - Вызов метода печати меню "Главное меню"
11.02.2024 20:31:37.417 [main] INFO   AppProcess - Пользователь ввёл число 2
11.02.2024 20:31:37.417 [main] INFO   AppProcess - Вызов метода навигации по меню
11.02.2024 20:31:37.417 [main] INFO   AppProcess - Пользователь корректно выбрал пункт меню. Выполнение действия "Управление услугами" и переход на следующее меню "Управление услугами"
11.02.2024 20:31:37.417 [main] INFO   AppProcess - Вызов метода печати меню "Управление услугами"
11.02.2024 20:31:37.932 [main] INFO   AppProcess - Пользователь ввёл число 3
11.02.2024 20:31:37.932 [main] INFO   AppProcess - Вызов метода навигации по меню
11.02.2024 20:31:37.932 [main] INFO   AppProcess - Пользователь корректно выбрал пункт меню. Выполнение действия "Импортировать данные по проведённым услугам из CSV" и переход на следующее меню "Главное меню"
11.02.2024 20:31:42.926 [main] INFO   AppProcess - Вызов метода печати меню "Главное меню"
11.02.2024 20:31:45.227 [main] INFO   AppProcess - Пользователь ввёл число 3
11.02.2024 20:31:45.228 [main] INFO   AppProcess - Вызов метода навигации по меню
11.02.2024 20:31:45.228 [main] INFO   AppProcess - Пользователь корректно выбрал пункт меню. Выполнение действия "Управление клиентами" и переход на следующее меню "Управление клиентами"
11.02.2024 20:31:45.228 [main] INFO   AppProcess - Вызов метода печати меню "Управление клиентами"
11.02.2024 20:31:46.090 [main] INFO   AppProcess - Пользователь ввёл число 2
11.02.2024 20:31:46.091 [main] INFO   AppProcess - Вызов метода навигации по меню
11.02.2024 20:31:46.091 [main] INFO   AppProcess - Пользователь корректно выбрал пункт меню. Выполнение действия "Импортировать данные по клиентам из CSV" и переход на следующее меню "Главное меню"
11.02.2024 20:31:49.358 [main] INFO   AppProcess - Вызов метода печати меню "Главное меню"
11.02.2024 20:31:51.219 [main] INFO   AppProcess - Пользователь ввёл число -1
11.02.2024 20:31:51.219 [main] INFO   AppProcess - Выход из приложения
11.02.2024 20:49:30.418 [main] INFO   AppProcess - Формирование главного меню
11.02.2024 20:49:30.419 [main] INFO   AppProcess - Формирование меню комнат
11.02.2024 20:49:30.422 [main] INFO   AppProcess - Меню комнат сформировано
11.02.2024 20:49:30.422 [main] INFO   AppProcess - Формирование меню услуг
11.02.2024 20:49:30.424 [main] INFO   AppProcess - Меню услуг сформировано
11.02.2024 20:49:30.424 [main] INFO   AppProcess - Формирование меню клиентов
11.02.2024 20:49:30.424 [main] INFO   AppProcess - Меню клиентов сформировано
11.02.2024 20:49:30.425 [main] INFO   AppProcess - Запуск приложения
11.02.2024 20:49:30.425 [main] INFO   AppProcess - Вызов метода печати меню "Главное меню"
11.02.2024 20:49:32.678 [main] INFO   AppProcess - Пользователь ввёл число -1
11.02.2024 20:49:32.679 [main] INFO   AppProcess - Выход из приложения
