11.02.2024 19:40:38.911 [main] INFO   service.ClientService - Client: Вызван метод обновления клиента с ID 1
11.02.2024 19:40:38.921 [main] ERROR  service.ClientService - Client: Не удалось обновить клиента с ID 1
11.02.2024 19:40:38.921 [main] INFO   service.ClientService - Client: Вызван метод добавления нового клиента с ID 1
11.02.2024 19:40:38.921 [main] INFO   service.ClientService - Client: Удалось добавить нового клиента с ID 1
11.02.2024 19:40:38.922 [main] INFO   service.ClientService - Client: Вызван метод обновления клиента с ID 2
11.02.2024 19:40:38.922 [main] ERROR  service.ClientService - Client: Не удалось обновить клиента с ID 2
11.02.2024 19:40:38.922 [main] INFO   service.ClientService - Client: Вызван метод добавления нового клиента с ID 2
11.02.2024 19:40:38.922 [main] INFO   service.ClientService - Client: Удалось добавить нового клиента с ID 2
11.02.2024 19:40:38.922 [main] INFO   service.ClientService - Client: Вызван метод обновления клиента с ID 3
11.02.2024 19:40:38.922 [main] ERROR  service.ClientService - Client: Не удалось обновить клиента с ID 3
11.02.2024 19:40:38.922 [main] INFO   service.ClientService - Client: Вызван метод добавления нового клиента с ID 3
11.02.2024 19:40:38.922 [main] INFO   service.ClientService - Client: Удалось добавить нового клиента с ID 3
11.02.2024 19:40:38.922 [main] INFO   service.ClientService - Client: Вызван метод обновления клиента с ID 4
11.02.2024 19:40:38.922 [main] ERROR  service.ClientService - Client: Не удалось обновить клиента с ID 4
11.02.2024 19:40:38.922 [main] INFO   service.ClientService - Client: Вызван метод добавления нового клиента с ID 4
11.02.2024 19:40:38.922 [main] INFO   service.ClientService - Client: Удалось добавить нового клиента с ID 4
11.02.2024 19:40:38.922 [main] INFO   service.ClientService - Client: Вызван метод обновления клиента с ID 5
11.02.2024 19:40:38.922 [main] ERROR  service.ClientService - Client: Не удалось обновить клиента с ID 5
11.02.2024 19:40:38.922 [main] INFO   service.ClientService - Client: Вызван метод добавления нового клиента с ID 5
11.02.2024 19:40:38.922 [main] INFO   service.ClientService - Client: Удалось добавить нового клиента с ID 5
11.02.2024 19:40:47.084 [main] INFO   service.ClientService - Client: Вызван метод обновления клиента с ID 1
11.02.2024 19:40:47.085 [main] INFO   service.ClientService - Client: Удалось обновить клиента с ID 1
11.02.2024 19:40:47.085 [main] INFO   service.ClientService - Client: Вызван метод обновления клиента с ID 2
11.02.2024 19:40:47.086 [main] INFO   service.ClientService - Client: Удалось обновить клиента с ID 2
11.02.2024 19:40:47.086 [main] INFO   service.ClientService - Client: Вызван метод обновления клиента с ID 3
11.02.2024 19:40:47.086 [main] INFO   service.ClientService - Client: Удалось обновить клиента с ID 3
11.02.2024 19:40:47.086 [main] INFO   service.ClientService - Client: Вызван метод обновления клиента с ID 4
11.02.2024 19:40:47.086 [main] INFO   service.ClientService - Client: Удалось обновить клиента с ID 4
11.02.2024 19:40:47.086 [main] INFO   service.ClientService - Client: Вызван метод обновления клиента с ID 5
11.02.2024 19:40:47.086 [main] INFO   service.ClientService - Client: Удалось обновить клиента с ID 5
11.02.2024 20:30:41.879 [main] INFO   service.ClientService - Client: Вызван метод обновления клиента с ID 1
11.02.2024 20:30:41.879 [main] ERROR  service.ClientService - Client: Не удалось обновить клиента с ID 1
11.02.2024 20:30:41.879 [main] INFO   service.ClientService - Client: Вызван метод добавления нового клиента с ID 1
11.02.2024 20:30:41.880 [main] INFO   service.ClientService - Client: Удалось добавить нового клиента с ID 1
11.02.2024 20:30:41.880 [main] INFO   service.ClientService - Client: Вызван метод обновления клиента с ID 2
11.02.2024 20:30:41.880 [main] ERROR  service.ClientService - Client: Не удалось обновить клиента с ID 2
11.02.2024 20:30:41.880 [main] INFO   service.ClientService - Client: Вызван метод добавления нового клиента с ID 2
11.02.2024 20:30:41.880 [main] INFO   service.ClientService - Client: Удалось добавить нового клиента с ID 2
11.02.2024 20:30:41.880 [main] INFO   service.ClientService - Client: Вызван метод обновления клиента с ID 3
11.02.2024 20:30:41.880 [main] ERROR  service.ClientService - Client: Не удалось обновить клиента с ID 3
11.02.2024 20:30:41.880 [main] INFO   service.ClientService - Client: Вызван метод добавления нового клиента с ID 3
11.02.2024 20:30:41.880 [main] INFO   service.ClientService - Client: Удалось добавить нового клиента с ID 3
11.02.2024 20:30:41.881 [main] INFO   service.ClientService - Client: Вызван метод обновления клиента с ID 4
11.02.2024 20:30:41.881 [main] ERROR  service.ClientService - Client: Не удалось обновить клиента с ID 4
11.02.2024 20:30:41.881 [main] INFO   service.ClientService - Client: Вызван метод добавления нового клиента с ID 4
11.02.2024 20:30:41.881 [main] INFO   service.ClientService - Client: Удалось добавить нового клиента с ID 4
11.02.2024 20:30:41.881 [main] INFO   service.ClientService - Client: Вызван метод обновления клиента с ID 5
11.02.2024 20:30:41.881 [main] ERROR  service.ClientService - Client: Не удалось обновить клиента с ID 5
11.02.2024 20:30:41.881 [main] INFO   service.ClientService - Client: Вызван метод добавления нового клиента с ID 5
11.02.2024 20:30:41.881 [main] INFO   service.ClientService - Client: Удалось добавить нового клиента с ID 5
11.02.2024 20:30:58.340 [main] INFO   service.ClientService - Client: Вызван метод подсчёта количества клиентов отеля
11.02.2024 20:31:49.356 [main] INFO   service.ClientService - Client: Вызван метод обновления клиента с ID 1
11.02.2024 20:31:49.357 [main] INFO   service.ClientService - Client: Удалось обновить клиента с ID 1
11.02.2024 20:31:49.357 [main] INFO   service.ClientService - Client: Вызван метод обновления клиента с ID 2
11.02.2024 20:31:49.358 [main] INFO   service.ClientService - Client: Удалось обновить клиента с ID 2
11.02.2024 20:31:49.358 [main] INFO   service.ClientService - Client: Вызван метод обновления клиента с ID 3
11.02.2024 20:31:49.358 [main] INFO   service.ClientService - Client: Удалось обновить клиента с ID 3
11.02.2024 20:31:49.358 [main] INFO   service.ClientService - Client: Вызван метод обновления клиента с ID 4
11.02.2024 20:31:49.358 [main] INFO   service.ClientService - Client: Удалось обновить клиента с ID 4
11.02.2024 20:31:49.358 [main] INFO   service.ClientService - Client: Вызван метод обновления клиента с ID 5
11.02.2024 20:31:49.358 [main] INFO   service.ClientService - Client: Удалось обновить клиента с ID 5
