11.02.2024 20:30:33.091 [main] INFO   service.ServiceService - Service: Вызван метод обновления услуги с ID 1
11.02.2024 20:30:33.105 [main] ERROR  service.ServiceService - Service: Не удалось обновить услугу с ID 1
11.02.2024 20:30:33.105 [main] INFO   service.ServiceService - Service: Вызван метод добавления услуги с ID 1
11.02.2024 20:30:33.105 [main] INFO   service.ServiceService - Service: Добавлена новая услуга с ID 1
11.02.2024 20:30:33.106 [main] INFO   service.ServiceService - Service: Вызван метод обновления услуги с ID 2
11.02.2024 20:30:33.106 [main] ERROR  service.ServiceService - Service: Не удалось обновить услугу с ID 2
11.02.2024 20:30:33.106 [main] INFO   service.ServiceService - Service: Вызван метод добавления услуги с ID 2
11.02.2024 20:30:33.106 [main] INFO   service.ServiceService - Service: Добавлена новая услуга с ID 2
11.02.2024 20:30:33.106 [main] INFO   service.ServiceService - Service: Вызван метод обновления услуги с ID 3
11.02.2024 20:30:33.106 [main] ERROR  service.ServiceService - Service: Не удалось обновить услугу с ID 3
11.02.2024 20:30:33.106 [main] INFO   service.ServiceService - Service: Вызван метод добавления услуги с ID 3
11.02.2024 20:30:33.106 [main] INFO   service.ServiceService - Service: Добавлена новая услуга с ID 3
11.02.2024 20:30:33.106 [main] INFO   service.ServiceService - Service: Вызван метод обновления услуги с ID 4
11.02.2024 20:30:33.106 [main] ERROR  service.ServiceService - Service: Не удалось обновить услугу с ID 4
11.02.2024 20:30:33.107 [main] INFO   service.ServiceService - Service: Вызван метод добавления услуги с ID 4
11.02.2024 20:30:33.107 [main] INFO   service.ServiceService - Service: Добавлена новая услуга с ID 4
11.02.2024 20:30:33.107 [main] INFO   service.ServiceService - Service: Вызван метод обновления услуги с ID 5
11.02.2024 20:30:33.107 [main] ERROR  service.ServiceService - Service: Не удалось обновить услугу с ID 5
11.02.2024 20:30:33.107 [main] INFO   service.ServiceService - Service: Вызван метод добавления услуги с ID 5
11.02.2024 20:30:33.107 [main] INFO   service.ServiceService - Service: Добавлена новая услуга с ID 5
11.02.2024 20:31:35.429 [main] INFO   service.ServiceService - Service: Вызван метод обновления услуги с ID 1
11.02.2024 20:31:35.430 [main] INFO   service.ServiceService - Service: Обновлена услуга с ID 1
11.02.2024 20:31:35.430 [main] INFO   service.ServiceService - Service: Вызван метод обновления услуги с ID 2
11.02.2024 20:31:35.430 [main] INFO   service.ServiceService - Service: Обновлена услуга с ID 2
11.02.2024 20:31:35.430 [main] INFO   service.ServiceService - Service: Вызван метод обновления услуги с ID 3
11.02.2024 20:31:35.430 [main] INFO   service.ServiceService - Service: Обновлена услуга с ID 3
11.02.2024 20:31:35.431 [main] INFO   service.ServiceService - Service: Вызван метод обновления услуги с ID 4
11.02.2024 20:31:35.431 [main] INFO   service.ServiceService - Service: Обновлена услуга с ID 4
11.02.2024 20:31:35.431 [main] INFO   service.ServiceService - Service: Вызван метод обновления услуги с ID 5
11.02.2024 20:31:35.431 [main] INFO   service.ServiceService - Service: Обновлена услуга с ID 5
