07.02.2024 16:20:16.568 [main] INFO   service.ClientService - Client: Вызван метод обновления клиента с ID 1
07.02.2024 16:20:16.568 [main] WARN   service.ClientService - Client: Не удалось обновить клиента с ID 1
07.02.2024 16:20:16.568 [main] INFO   service.ClientService - Client: Вызван метод добавления нового клиента с ID 1
07.02.2024 16:20:16.569 [main] INFO   service.ClientService - Client: Удалось добавить нового клиента с ID 1
07.02.2024 16:20:16.569 [main] INFO   service.ClientService - Client: Вызван метод обновления клиента с ID 2
07.02.2024 16:20:16.569 [main] WARN   service.ClientService - Client: Не удалось обновить клиента с ID 2
07.02.2024 16:20:16.569 [main] INFO   service.ClientService - Client: Вызван метод добавления нового клиента с ID 2
07.02.2024 16:20:16.569 [main] INFO   service.ClientService - Client: Удалось добавить нового клиента с ID 2
07.02.2024 16:20:16.569 [main] INFO   service.ClientService - Client: Вызван метод обновления клиента с ID 3
07.02.2024 16:20:16.569 [main] WARN   service.ClientService - Client: Не удалось обновить клиента с ID 3
07.02.2024 16:20:16.569 [main] INFO   service.ClientService - Client: Вызван метод добавления нового клиента с ID 3
07.02.2024 16:20:16.570 [main] INFO   service.ClientService - Client: Удалось добавить нового клиента с ID 3
07.02.2024 16:20:16.570 [main] INFO   service.ClientService - Client: Вызван метод обновления клиента с ID 4
07.02.2024 16:20:16.570 [main] WARN   service.ClientService - Client: Не удалось обновить клиента с ID 4
07.02.2024 16:20:16.570 [main] INFO   service.ClientService - Client: Вызван метод добавления нового клиента с ID 4
07.02.2024 16:20:16.570 [main] INFO   service.ClientService - Client: Удалось добавить нового клиента с ID 4
07.02.2024 16:20:16.570 [main] INFO   service.ClientService - Client: Вызван метод обновления клиента с ID 5
07.02.2024 16:20:16.570 [main] WARN   service.ClientService - Client: Не удалось обновить клиента с ID 5
07.02.2024 16:20:16.570 [main] INFO   service.ClientService - Client: Вызван метод добавления нового клиента с ID 5
07.02.2024 16:20:16.570 [main] INFO   service.ClientService - Client: Удалось добавить нового клиента с ID 5
07.02.2024 16:21:02.633 [main] INFO   service.ClientService - Client: Вызван метод получения списка клиентов отеля
07.02.2024 16:21:02.634 [main] INFO   service.ClientService - Client: Получен список клиентов отеля: [Client{id=1; fio=Osipov D. R.; phoneNumber=+7(902)902-98-11; checkInTime=2024-01-25T22:00:37.783098; checkOutTime=null}, Client{id=2; fio=Musofranova N. S.; phoneNumber=+7(961)150-09-97; checkInTime=2024-01-25T22:00:37.783098; checkOutTime=null}, Client{id=3; fio=Belyakova I. S.; phoneNumber=+7(953)180-00-61; checkInTime=2024-01-25T22:00:37.783709; checkOutTime=null}, Client{id=4; fio=Kondrashin E. V.; phoneNumber=+7(991)234-11-00; checkInTime=null; checkOutTime=null}, Client{id=5; fio=Lebedev G.I.; phoneNumber=+7(921)728-21-01; checkInTime=null; checkOutTime=null}]
07.02.2024 16:21:09.796 [main] INFO   service.ClientService - Client: Вызван метод получения списка клиентов отеля
07.02.2024 16:21:09.796 [main] INFO   service.ClientService - Client: Получен список клиентов отеля: [Client{id=1; fio=Osipov D. R.; phoneNumber=+7(902)902-98-11; checkInTime=2024-01-25T22:00:37.783098; checkOutTime=null}, Client{id=2; fio=Musofranova N. S.; phoneNumber=+7(961)150-09-97; checkInTime=2024-01-25T22:00:37.783098; checkOutTime=null}, Client{id=3; fio=Belyakova I. S.; phoneNumber=+7(953)180-00-61; checkInTime=2024-01-25T22:00:37.783709; checkOutTime=null}, Client{id=4; fio=Kondrashin E. V.; phoneNumber=+7(991)234-11-00; checkInTime=null; checkOutTime=null}, Client{id=5; fio=Lebedev G.I.; phoneNumber=+7(921)728-21-01; checkInTime=null; checkOutTime=null}]
07.02.2024 16:21:32.666 [main] INFO   service.ClientService - Client: Вызван метод добавления нового клиента с ID 7
07.02.2024 16:21:32.666 [main] INFO   service.ClientService - Client: Удалось добавить нового клиента с ID 7
07.02.2024 16:21:43.020 [main] INFO   service.ClientService - Client: Вызван метод получения списка клиентов отеля
07.02.2024 16:21:43.021 [main] INFO   service.ClientService - Client: Получен список клиентов отеля: [Client{id=1; fio=Osipov D. R.; phoneNumber=+7(902)902-98-11; checkInTime=2024-01-25T22:00:37.783098; checkOutTime=null}, Client{id=2; fio=Musofranova N. S.; phoneNumber=+7(961)150-09-97; checkInTime=2024-01-25T22:00:37.783098; checkOutTime=null}, Client{id=3; fio=Belyakova I. S.; phoneNumber=+7(953)180-00-61; checkInTime=2024-01-25T22:00:37.783709; checkOutTime=null}, Client{id=4; fio=Kondrashin E. V.; phoneNumber=+7(991)234-11-00; checkInTime=null; checkOutTime=null}, Client{id=5; fio=Lebedev G.I.; phoneNumber=+7(921)728-21-01; checkInTime=null; checkOutTime=null}, Client{id=7; fio=Soshin V. V.; phoneNumber=+7(821)911-21-11; checkInTime=null; checkOutTime=null}]
07.02.2024 16:22:24.887 [main] INFO   service.ClientService - Client: Вызван метод получения списка клиентов отеля
07.02.2024 16:22:24.888 [main] INFO   service.ClientService - Client: Получен список клиентов отеля: [Client{id=1; fio=Osipov D. R.; phoneNumber=+7(902)902-98-11; checkInTime=2024-01-25T22:00:37.783098; checkOutTime=null}, Client{id=2; fio=Musofranova N. S.; phoneNumber=+7(961)150-09-97; checkInTime=2024-01-25T22:00:37.783098; checkOutTime=null}, Client{id=3; fio=Belyakova I. S.; phoneNumber=+7(953)180-00-61; checkInTime=2024-01-25T22:00:37.783709; checkOutTime=null}, Client{id=4; fio=Kondrashin E. V.; phoneNumber=+7(991)234-11-00; checkInTime=null; checkOutTime=null}, Client{id=5; fio=Lebedev G.I.; phoneNumber=+7(921)728-21-01; checkInTime=null; checkOutTime=null}, Client{id=7; fio=Soshin V. V.; phoneNumber=+7(821)911-21-11; checkInTime=null; checkOutTime=null}]
07.02.2024 16:22:47.501 [main] INFO   service.ClientService - Client: Вызван метод получения списка клиентов отеля
07.02.2024 16:22:47.502 [main] INFO   service.ClientService - Client: Получен список клиентов отеля: [Client{id=1; fio=Osipov D. R.; phoneNumber=+7(902)902-98-11; checkInTime=2024-01-25T22:00:37.783098; checkOutTime=null}, Client{id=2; fio=Musofranova N. S.; phoneNumber=+7(961)150-09-97; checkInTime=2024-01-25T22:00:37.783098; checkOutTime=null}, Client{id=3; fio=Belyakova I. S.; phoneNumber=+7(953)180-00-61; checkInTime=2024-01-25T22:00:37.783709; checkOutTime=null}, Client{id=4; fio=Kondrashin E. V.; phoneNumber=+7(991)234-11-00; checkInTime=null; checkOutTime=null}, Client{id=5; fio=Lebedev G.I.; phoneNumber=+7(921)728-21-01; checkInTime=null; checkOutTime=null}, Client{id=7; fio=Soshin V. V.; phoneNumber=+7(821)911-21-11; checkInTime=null; checkOutTime=null}]
07.02.2024 16:23:00.992 [main] INFO   service.ClientService - Client: Вызван метод получения списка клиентов отеля
07.02.2024 16:23:00.992 [main] INFO   service.ClientService - Client: Получен список клиентов отеля: [Client{id=1; fio=Osipov D. R.; phoneNumber=+7(902)902-98-11; checkInTime=2024-01-25T22:00:37.783098; checkOutTime=null}, Client{id=2; fio=Musofranova N. S.; phoneNumber=+7(961)150-09-97; checkInTime=2024-01-25T22:00:37.783098; checkOutTime=null}, Client{id=3; fio=Belyakova I. S.; phoneNumber=+7(953)180-00-61; checkInTime=2024-01-25T22:00:37.783709; checkOutTime=null}, Client{id=4; fio=Kondrashin E. V.; phoneNumber=+7(991)234-11-00; checkInTime=null; checkOutTime=null}, Client{id=5; fio=Lebedev G.I.; phoneNumber=+7(921)728-21-01; checkInTime=null; checkOutTime=null}, Client{id=7; fio=Soshin V. V.; phoneNumber=+7(821)911-21-11; checkInTime=null; checkOutTime=null}]
07.02.2024 16:23:22.963 [main] INFO   service.ClientService - Client: Вызван метод получения списка клиентов отеля
07.02.2024 16:23:22.963 [main] INFO   service.ClientService - Client: Получен список клиентов отеля: [Client{id=1; fio=Osipov D. R.; phoneNumber=+7(902)902-98-11; checkInTime=2024-01-25T22:00:37.783098; checkOutTime=null}, Client{id=2; fio=Musofranova N. S.; phoneNumber=+7(961)150-09-97; checkInTime=2024-01-25T22:00:37.783098; checkOutTime=null}, Client{id=3; fio=Belyakova I. S.; phoneNumber=+7(953)180-00-61; checkInTime=2024-01-25T22:00:37.783709; checkOutTime=null}, Client{id=4; fio=Kondrashin E. V.; phoneNumber=+7(991)234-11-00; checkInTime=null; checkOutTime=null}, Client{id=5; fio=Lebedev G.I.; phoneNumber=+7(921)728-21-01; checkInTime=2024-02-07T16:23:07.440250; checkOutTime=null}, Client{id=7; fio=Soshin V. V.; phoneNumber=+7(821)911-21-11; checkInTime=2024-02-07T16:23:07.440250; checkOutTime=null}]
07.02.2024 16:23:35.223 [main] INFO   service.ClientService - Client: Вызван метод получения списка клиентов отеля
07.02.2024 16:23:35.224 [main] INFO   service.ClientService - Client: Получен список клиентов отеля: [Client{id=1; fio=Osipov D. R.; phoneNumber=+7(902)902-98-11; checkInTime=2024-01-25T22:00:37.783098; checkOutTime=2024-02-07T16:23:28.047127}, Client{id=2; fio=Musofranova N. S.; phoneNumber=+7(961)150-09-97; checkInTime=2024-01-25T22:00:37.783098; checkOutTime=null}, Client{id=3; fio=Belyakova I. S.; phoneNumber=+7(953)180-00-61; checkInTime=2024-01-25T22:00:37.783709; checkOutTime=null}, Client{id=4; fio=Kondrashin E. V.; phoneNumber=+7(991)234-11-00; checkInTime=null; checkOutTime=null}, Client{id=5; fio=Lebedev G.I.; phoneNumber=+7(921)728-21-01; checkInTime=2024-02-07T16:23:07.440250; checkOutTime=null}, Client{id=7; fio=Soshin V. V.; phoneNumber=+7(821)911-21-11; checkInTime=2024-02-07T16:23:07.440250; checkOutTime=null}]
07.02.2024 17:07:38.140 [main] INFO   service.ClientService - Client: Вызван метод получения списка клиентов отеля
07.02.2024 17:07:38.141 [main] INFO   service.ClientService - Client: Получен список клиентов отеля: []
07.02.2024 17:09:41.974 [main] INFO   service.ClientService - Client: Вызван метод получения списка клиентов отеля
07.02.2024 17:09:41.976 [main] INFO   service.ClientService - Client: Получен список клиентов отеля: []
07.02.2024 17:13:21.165 [main] INFO   service.ClientService - Client: Вызван метод подсчёта количества клиентов отеля
