11.02.2024 14:28:59.513 [main] INFO   service.RoomService - Room: Вызван метод обновления комнаты с ID 1
11.02.2024 14:28:59.513 [main] WARN   service.RoomService - Room: Не удалось обновить комнату с ID 1
11.02.2024 14:28:59.513 [main] INFO   service.RoomService - Room: Вызван метод добавления комнаты с ID 1
11.02.2024 14:28:59.513 [main] INFO   service.RoomService - Room: Добавлена новая комната с ID 1
11.02.2024 14:28:59.514 [main] INFO   service.RoomService - Room: Вызван метод обновления комнаты с ID 3
11.02.2024 14:28:59.514 [main] WARN   service.RoomService - Room: Не удалось обновить комнату с ID 3
11.02.2024 14:28:59.514 [main] INFO   service.RoomService - Room: Вызван метод добавления комнаты с ID 3
11.02.2024 14:28:59.514 [main] INFO   service.RoomService - Room: Добавлена новая комната с ID 3
11.02.2024 14:28:59.514 [main] INFO   service.RoomService - Room: Вызван метод обновления комнаты с ID 2
11.02.2024 14:28:59.514 [main] WARN   service.RoomService - Room: Не удалось обновить комнату с ID 2
11.02.2024 14:28:59.514 [main] INFO   service.RoomService - Room: Вызван метод добавления комнаты с ID 2
11.02.2024 14:28:59.514 [main] INFO   service.RoomService - Room: Добавлена новая комната с ID 2
11.02.2024 14:28:59.514 [main] INFO   service.RoomService - Room: Вызван метод обновления комнаты с ID 5
11.02.2024 14:28:59.514 [main] WARN   service.RoomService - Room: Не удалось обновить комнату с ID 5
11.02.2024 14:28:59.514 [main] INFO   service.RoomService - Room: Вызван метод добавления комнаты с ID 5
11.02.2024 14:28:59.514 [main] INFO   service.RoomService - Room: Добавлена новая комната с ID 5
11.02.2024 14:28:59.514 [main] INFO   service.RoomService - Room: Вызван метод обновления комнаты с ID 4
11.02.2024 14:28:59.515 [main] WARN   service.RoomService - Room: Не удалось обновить комнату с ID 4
11.02.2024 14:28:59.515 [main] INFO   service.RoomService - Room: Вызван метод добавления комнаты с ID 4
11.02.2024 14:28:59.515 [main] INFO   service.RoomService - Room: Добавлена новая комната с ID 4
11.02.2024 14:29:33.725 [main] INFO   service.RoomService - Room: Вызван метод получения всех комнат, отсортированных в порядке убывания звёзд
11.02.2024 14:29:37.956 [main] INFO   service.RoomService - Room: Вызван метод добавления комнаты с ID 9
11.02.2024 14:29:37.956 [main] INFO   service.RoomService - Room: Добавлена новая комната с ID 9
